c:\users\donte.wilson.aie\desktop\year2w\textures\textures\debug\vc140.pdb
c:\users\donte.wilson.aie\desktop\year2w\textures\textures\debug\vc140.idb
c:\users\donte.wilson.aie\desktop\year2w\textures\textures\debug\main.obj
c:\users\donte.wilson.aie\desktop\year2w\textures\textures\debug\application.obj
c:\users\donte.wilson.aie\desktop\year2w\textures\textures\debug\gizmos.obj
c:\users\donte.wilson.aie\desktop\year2w\textures\textures\debug\oldmain.obj
c:\users\donte.wilson.aie\desktop\year2w\textures\textures\debug\texture.obj
c:\users\donte.wilson.aie\desktop\year2w\textures\textures\debug\gl_core_4_4.obj
c:\users\donte.wilson.aie\desktop\year2w\textures\debug\textures.pdb
c:\users\donte.wilson.aie\desktop\year2w\textures\textures\debug\textures.tlog\cl.command.1.tlog
c:\users\donte.wilson.aie\desktop\year2w\textures\textures\debug\textures.tlog\cl.read.1.tlog
c:\users\donte.wilson.aie\desktop\year2w\textures\textures\debug\textures.tlog\cl.write.1.tlog
c:\users\donte.wilson.aie\desktop\year2w\textures\textures\debug\textures.tlog\link-cvtres.read.1.tlog
c:\users\donte.wilson.aie\desktop\year2w\textures\textures\debug\textures.tlog\link-cvtres.write.1.tlog
c:\users\donte.wilson.aie\desktop\year2w\textures\textures\debug\textures.tlog\link-rc.read.1.tlog
c:\users\donte.wilson.aie\desktop\year2w\textures\textures\debug\textures.tlog\link-rc.write.1.tlog
c:\users\donte.wilson.aie\desktop\year2w\textures\textures\debug\textures.tlog\link.3248-cvtres.read.1.tlog
c:\users\donte.wilson.aie\desktop\year2w\textures\textures\debug\textures.tlog\link.3248-cvtres.write.1.tlog
c:\users\donte.wilson.aie\desktop\year2w\textures\textures\debug\textures.tlog\link.3248-rc.read.1.tlog
c:\users\donte.wilson.aie\desktop\year2w\textures\textures\debug\textures.tlog\link.3248-rc.write.1.tlog
c:\users\donte.wilson.aie\desktop\year2w\textures\textures\debug\textures.tlog\link.3248.read.1.tlog
c:\users\donte.wilson.aie\desktop\year2w\textures\textures\debug\textures.tlog\link.3248.write.1.tlog
c:\users\donte.wilson.aie\desktop\year2w\textures\textures\debug\textures.tlog\link.command.1.tlog
c:\users\donte.wilson.aie\desktop\year2w\textures\textures\debug\textures.tlog\link.read.1.tlog
c:\users\donte.wilson.aie\desktop\year2w\textures\textures\debug\textures.tlog\link.write.1.tlog
